<?xml version="1.0" encoding="UTF-8"?>
<!-- Generated by org.testng.reporters.JUnitXMLReporter -->
<testsuite hostname="XE-T-ABHINAV12" ignored="0" name="Default test" tests="4" failures="0" timestamp="09 Jun 2017 12:37:44 GMT" time="33.377" errors="0">
  <testcase name="validateHomePageOfWiki" time="6.136" classname="com.poc.LandingPageTest"/>
  <testcase name="validateTitleOfWiki" time="3.122" classname="com.poc.LandingPageTest"/>
  <testcase name="validateHomePageOfWiki" time="3.565" classname="com.poc.HomePageTest"/>
  <testcase name="validateTitleOfWiki" time="4.072" classname="com.poc.HomePageTest"/>
</testsuite> <!-- Default test -->
