<?xml version="1.0" encoding="UTF-8"?>
<testng-results skipped="0" failed="0" ignored="0" total="4" passed="4">
  <reporter-output>
  </reporter-output>
  <suite name="TestSuite" duration-ms="15580" started-at="2017-06-09T12:42:05Z" finished-at="2017-06-09T12:42:20Z">
    <groups>
    </groups>
    <test name="Test-2" duration-ms="15533" started-at="2017-06-09T12:42:05Z" finished-at="2017-06-09T12:42:20Z">
      <class name="com.poc.LandingPageTest">
        <test-method status="PASS" signature="startDriver()[pri:0, instance:com.poc.LandingPageTest@77cd7a0]" name="startDriver" is-config="true" duration-ms="4331" started-at="2017-06-09T16:42:05Z" finished-at="2017-06-09T16:42:09Z">
          <reporter-output>
          </reporter-output>
        </test-method> <!-- startDriver -->
        <test-method status="PASS" signature="validateHomePageOfWiki()[pri:0, instance:com.poc.LandingPageTest@77cd7a0]" name="validateHomePageOfWiki" duration-ms="2695" started-at="2017-06-09T16:42:09Z" finished-at="2017-06-09T16:42:12Z">
          <reporter-output>
          </reporter-output>
        </test-method> <!-- validateHomePageOfWiki -->
        <test-method status="PASS" signature="stopDriver()[pri:0, instance:com.poc.LandingPageTest@77cd7a0]" name="stopDriver" is-config="true" duration-ms="1444" started-at="2017-06-09T16:42:12Z" finished-at="2017-06-09T16:42:13Z">
          <reporter-output>
          </reporter-output>
        </test-method> <!-- stopDriver -->
        <test-method status="PASS" signature="startDriver()[pri:0, instance:com.poc.LandingPageTest@77cd7a0]" name="startDriver" is-config="true" duration-ms="3565" started-at="2017-06-09T16:42:13Z" finished-at="2017-06-09T16:42:17Z">
          <reporter-output>
          </reporter-output>
        </test-method> <!-- startDriver -->
        <test-method status="PASS" signature="validateTitleOfWiki()[pri:0, instance:com.poc.LandingPageTest@77cd7a0]" name="validateTitleOfWiki" duration-ms="2312" started-at="2017-06-09T16:42:17Z" finished-at="2017-06-09T16:42:19Z">
          <reporter-output>
          </reporter-output>
        </test-method> <!-- validateTitleOfWiki -->
        <test-method status="PASS" signature="stopDriver()[pri:0, instance:com.poc.LandingPageTest@77cd7a0]" name="stopDriver" is-config="true" duration-ms="1145" started-at="2017-06-09T16:42:19Z" finished-at="2017-06-09T16:42:20Z">
          <reporter-output>
          </reporter-output>
        </test-method> <!-- stopDriver -->
      </class> <!-- com.poc.LandingPageTest -->
    </test> <!-- Test-2 -->
    <test name="Test-1" duration-ms="15580" started-at="2017-06-09T12:42:05Z" finished-at="2017-06-09T12:42:20Z">
      <class name="com.poc.HomePageTest">
        <test-method status="PASS" signature="startDriver()[pri:0, instance:com.poc.HomePageTest@ae45eb6]" name="startDriver" is-config="true" duration-ms="4331" started-at="2017-06-09T16:42:05Z" finished-at="2017-06-09T16:42:09Z">
          <reporter-output>
          </reporter-output>
        </test-method> <!-- startDriver -->
        <test-method status="PASS" signature="validateHomePageOfWiki()[pri:0, instance:com.poc.HomePageTest@ae45eb6]" name="validateHomePageOfWiki" duration-ms="2725" started-at="2017-06-09T16:42:09Z" finished-at="2017-06-09T16:42:12Z">
          <reporter-output>
          </reporter-output>
        </test-method> <!-- validateHomePageOfWiki -->
        <test-method status="PASS" signature="stopDriver()[pri:0, instance:com.poc.HomePageTest@ae45eb6]" name="stopDriver" is-config="true" duration-ms="1419" started-at="2017-06-09T16:42:12Z" finished-at="2017-06-09T16:42:13Z">
          <reporter-output>
          </reporter-output>
        </test-method> <!-- stopDriver -->
        <test-method status="PASS" signature="startDriver()[pri:0, instance:com.poc.HomePageTest@ae45eb6]" name="startDriver" is-config="true" duration-ms="3686" started-at="2017-06-09T16:42:13Z" finished-at="2017-06-09T16:42:17Z">
          <reporter-output>
          </reporter-output>
        </test-method> <!-- startDriver -->
        <test-method status="PASS" signature="validateTitleOfWiki()[pri:0, instance:com.poc.HomePageTest@ae45eb6]" name="validateTitleOfWiki" duration-ms="2312" started-at="2017-06-09T16:42:17Z" finished-at="2017-06-09T16:42:19Z">
          <reporter-output>
          </reporter-output>
        </test-method> <!-- validateTitleOfWiki -->
        <test-method status="PASS" signature="stopDriver()[pri:0, instance:com.poc.HomePageTest@ae45eb6]" name="stopDriver" is-config="true" duration-ms="1076" started-at="2017-06-09T16:42:19Z" finished-at="2017-06-09T16:42:20Z">
          <reporter-output>
          </reporter-output>
        </test-method> <!-- stopDriver -->
      </class> <!-- com.poc.HomePageTest -->
    </test> <!-- Test-1 -->
  </suite> <!-- TestSuite -->
</testng-results>
